<?xml version="1.0" encoding="UTF-8"?>
<testsuite name="cz.cvut.fit.tvj.eshop.EshopApplicationTests" tests="1" skipped="0" failures="0" errors="0" timestamp="2022-01-11T09:48:12" hostname="LAPTOP-9DBF8LC6" time="0.004">
  <properties/>
  <testcase name="contextLoads()" classname="cz.cvut.fit.tvj.eshop.EshopApplicationTests" time="0.004"/>
  <system-out><![CDATA[2022-01-11 10:48:11.511  INFO 15200 --- [    Test worker] .b.t.c.SpringBootTestContextBootstrapper : Neither @ContextConfiguration nor @ContextHierarchy found for test class [cz.cvut.fit.tvj.eshop.EshopApplicationTests], using SpringBootContextLoader
2022-01-11 10:48:11.512  INFO 15200 --- [    Test worker] o.s.t.c.support.AbstractContextLoader    : Could not detect default resource locations for test class [cz.cvut.fit.tvj.eshop.EshopApplicationTests]: no resource found for suffixes {-context.xml, Context.groovy}.
2022-01-11 10:48:11.512  INFO 15200 --- [    Test worker] t.c.s.AnnotationConfigContextLoaderUtils : Could not detect default configuration classes for test class [cz.cvut.fit.tvj.eshop.EshopApplicationTests]: EshopApplicationTests does not declare any static, non-private, non-final, nested classes annotated with @Configuration.
2022-01-11 10:48:11.516  INFO 15200 --- [    Test worker] .b.t.c.SpringBootTestContextBootstrapper : Found @SpringBootConfiguration cz.cvut.fit.tvj.eshop.EshopApplication for test class cz.cvut.fit.tvj.eshop.EshopApplicationTests
2022-01-11 10:48:11.518  INFO 15200 --- [    Test worker] .b.t.c.SpringBootTestContextBootstrapper : Loaded default TestExecutionListener class names from location [META-INF/spring.factories]: [org.springframework.boot.test.autoconfigure.restdocs.RestDocsTestExecutionListener, org.springframework.boot.test.autoconfigure.web.client.MockRestServiceServerResetTestExecutionListener, org.springframework.boot.test.autoconfigure.web.servlet.MockMvcPrintOnlyOnFailureTestExecutionListener, org.springframework.boot.test.autoconfigure.web.servlet.WebDriverTestExecutionListener, org.springframework.boot.test.autoconfigure.webservices.client.MockWebServiceServerTestExecutionListener, org.springframework.boot.test.mock.mockito.MockitoTestExecutionListener, org.springframework.boot.test.mock.mockito.ResetMocksTestExecutionListener, org.springframework.test.context.web.ServletTestExecutionListener, org.springframework.test.context.support.DirtiesContextBeforeModesTestExecutionListener, org.springframework.test.context.event.ApplicationEventsTestExecutionListener, org.springframework.test.context.support.DependencyInjectionTestExecutionListener, org.springframework.test.context.support.DirtiesContextTestExecutionListener, org.springframework.test.context.transaction.TransactionalTestExecutionListener, org.springframework.test.context.jdbc.SqlScriptsTestExecutionListener, org.springframework.test.context.event.EventPublishingTestExecutionListener]
2022-01-11 10:48:11.519  INFO 15200 --- [    Test worker] .b.t.c.SpringBootTestContextBootstrapper : Using TestExecutionListeners: [org.springframework.test.context.web.ServletTestExecutionListener@33606f4b, org.springframework.test.context.support.DirtiesContextBeforeModesTestExecutionListener@222ebd21, org.springframework.test.context.event.ApplicationEventsTestExecutionListener@24c7563b, org.springframework.boot.test.mock.mockito.MockitoTestExecutionListener@115b0bf5, org.springframework.boot.test.autoconfigure.SpringBootDependencyInjectionTestExecutionListener@21f134a2, org.springframework.test.context.support.DirtiesContextTestExecutionListener@76e14208, org.springframework.test.context.transaction.TransactionalTestExecutionListener@6809a461, org.springframework.test.context.jdbc.SqlScriptsTestExecutionListener@21440e36, org.springframework.test.context.event.EventPublishingTestExecutionListener@9b87a98, org.springframework.boot.test.autoconfigure.restdocs.RestDocsTestExecutionListener@75b598a5, org.springframework.boot.test.autoconfigure.web.client.MockRestServiceServerResetTestExecutionListener@50ba10de, org.springframework.boot.test.autoconfigure.web.servlet.MockMvcPrintOnlyOnFailureTestExecutionListener@518e9141, org.springframework.boot.test.autoconfigure.web.servlet.WebDriverTestExecutionListener@1ba84d52, org.springframework.boot.test.autoconfigure.webservices.client.MockWebServiceServerTestExecutionListener@42018e32, org.springframework.boot.test.mock.mockito.ResetMocksTestExecutionListener@42bd4a4c]

  .   ____          _            __ _ _
 /\\ / ___'_ __ _ _(_)_ __  __ _ \ \ \ \
( ( )\___ | '_ | '_| | '_ \/ _` | \ \ \ \
 \\/  ___)| |_)| | | | | || (_| |  ) ) ) )
  '  |____| .__|_| |_|_| |_\__, | / / / /
 =========|_|==============|___/=/_/_/_/
 :: Spring Boot ::                (v2.5.6)

2022-01-11 10:48:11.539  INFO 15200 --- [    Test worker] c.c.fit.tvj.eshop.EshopApplicationTests  : Starting EshopApplicationTests using Java 17.0.1 on LAPTOP-9DBF8LC6 with PID 15200 (started by kubar in C:\Users\kubar\IdeaProjects\BI-TJV\server)
2022-01-11 10:48:11.540  INFO 15200 --- [    Test worker] c.c.fit.tvj.eshop.EshopApplicationTests  : No active profile set, falling back to default profiles: default
2022-01-11 10:48:11.700  INFO 15200 --- [    Test worker] .s.d.r.c.RepositoryConfigurationDelegate : Bootstrapping Spring Data JPA repositories in DEFAULT mode.
2022-01-11 10:48:11.719  INFO 15200 --- [    Test worker] .s.d.r.c.RepositoryConfigurationDelegate : Finished Spring Data repository scanning in 18 ms. Found 3 JPA repository interfaces.
2022-01-11 10:48:11.828  INFO 15200 --- [    Test worker] com.zaxxer.hikari.HikariDataSource       : HikariPool-4 - Starting...
2022-01-11 10:48:11.840  INFO 15200 --- [    Test worker] com.zaxxer.hikari.pool.PoolBase          : HikariPool-4 - Driver does not support get/set network timeout for connections. (feature not supported)
2022-01-11 10:48:11.841  INFO 15200 --- [    Test worker] com.zaxxer.hikari.HikariDataSource       : HikariPool-4 - Start completed.
2022-01-11 10:48:11.859  INFO 15200 --- [    Test worker] o.hibernate.jpa.internal.util.LogHelper  : HHH000204: Processing PersistenceUnitInfo [name: default]
2022-01-11 10:48:11.867  INFO 15200 --- [    Test worker] org.hibernate.dialect.Dialect            : HHH000400: Using dialect: org.hibernate.dialect.HSQLDialect
2022-01-11 10:48:11.900  INFO 15200 --- [    Test worker] o.h.e.t.j.p.i.JtaPlatformInitiator       : HHH000490: Using JtaPlatform implementation: [org.hibernate.engine.transaction.jta.platform.internal.NoJtaPlatform]
2022-01-11 10:48:11.900  INFO 15200 --- [    Test worker] j.LocalContainerEntityManagerFactoryBean : Initialized JPA EntityManagerFactory for persistence unit 'default'
2022-01-11 10:48:12.099  WARN 15200 --- [    Test worker] JpaBaseConfiguration$JpaWebConfiguration : spring.jpa.open-in-view is enabled by default. Therefore, database queries may be performed during view rendering. Explicitly configure spring.jpa.open-in-view to disable this warning
2022-01-11 10:48:12.413  INFO 15200 --- [    Test worker] c.c.fit.tvj.eshop.EshopApplicationTests  : Started EshopApplicationTests in 0.891 seconds (JVM running for 13.028)
]]></system-out>
  <system-err><![CDATA[]]></system-err>
</testsuite>
