<?xml version="1.0" encoding="UTF-8"?>
<testsuite name="cz.cvut.fit.tvj.eshop.domain.OrderTest" tests="2" skipped="0" failures="0" errors="0" timestamp="2022-01-11T09:48:11" hostname="LAPTOP-9DBF8LC6" time="0.003">
  <properties/>
  <testcase name="removeProduct()" classname="cz.cvut.fit.tvj.eshop.domain.OrderTest" time="0.003"/>
  <testcase name="addProduct()" classname="cz.cvut.fit.tvj.eshop.domain.OrderTest" time="0.0"/>
  <system-out><![CDATA[]]></system-out>
  <system-err><![CDATA[]]></system-err>
</testsuite>
