<?xml version="1.0" encoding="UTF-8"?>
<testsuite name="cz.cvut.fit.tvj.eshop.api.controller.OrderControllerTest" tests="7" skipped="0" failures="0" errors="0" timestamp="2022-01-11T09:48:04" hostname="LAPTOP-9DBF8LC6" time="0.082">
  <properties/>
  <testcase name="allByCustomer()" classname="cz.cvut.fit.tvj.eshop.api.controller.OrderControllerTest" time="0.017"/>
  <testcase name="create()" classname="cz.cvut.fit.tvj.eshop.api.controller.OrderControllerTest" time="0.019"/>
  <testcase name="delete()" classname="cz.cvut.fit.tvj.eshop.api.controller.OrderControllerTest" time="0.006"/>
  <testcase name="all()" classname="cz.cvut.fit.tvj.eshop.api.controller.OrderControllerTest" time="0.007"/>
  <testcase name="one()" classname="cz.cvut.fit.tvj.eshop.api.controller.OrderControllerTest" time="0.006"/>
  <testcase name="removeProduct()" classname="cz.cvut.fit.tvj.eshop.api.controller.OrderControllerTest" time="0.008"/>
  <testcase name="addProduct()" classname="cz.cvut.fit.tvj.eshop.api.controller.OrderControllerTest" time="0.012"/>
  <system-out><![CDATA[2022-01-11 10:48:04.350  INFO 15200 --- [    Test worker] .b.t.a.w.s.WebMvcTestContextBootstrapper : Neither @ContextConfiguration nor @ContextHierarchy found for test class [cz.cvut.fit.tvj.eshop.api.controller.OrderControllerTest], using SpringBootContextLoader
2022-01-11 10:48:04.351  INFO 15200 --- [    Test worker] o.s.t.c.support.AbstractContextLoader    : Could not detect default resource locations for test class [cz.cvut.fit.tvj.eshop.api.controller.OrderControllerTest]: no resource found for suffixes {-context.xml, Context.groovy}.
2022-01-11 10:48:04.351  INFO 15200 --- [    Test worker] t.c.s.AnnotationConfigContextLoaderUtils : Could not detect default configuration classes for test class [cz.cvut.fit.tvj.eshop.api.controller.OrderControllerTest]: OrderControllerTest does not declare any static, non-private, non-final, nested classes annotated with @Configuration.
2022-01-11 10:48:04.355  INFO 15200 --- [    Test worker] .b.t.c.SpringBootTestContextBootstrapper : Found @SpringBootConfiguration cz.cvut.fit.tvj.eshop.EshopApplication for test class cz.cvut.fit.tvj.eshop.api.controller.OrderControllerTest
2022-01-11 10:48:04.356  INFO 15200 --- [    Test worker] .b.t.a.w.s.WebMvcTestContextBootstrapper : Loaded default TestExecutionListener class names from location [META-INF/spring.factories]: [org.springframework.boot.test.autoconfigure.restdocs.RestDocsTestExecutionListener, org.springframework.boot.test.autoconfigure.web.client.MockRestServiceServerResetTestExecutionListener, org.springframework.boot.test.autoconfigure.web.servlet.MockMvcPrintOnlyOnFailureTestExecutionListener, org.springframework.boot.test.autoconfigure.web.servlet.WebDriverTestExecutionListener, org.springframework.boot.test.autoconfigure.webservices.client.MockWebServiceServerTestExecutionListener, org.springframework.boot.test.mock.mockito.MockitoTestExecutionListener, org.springframework.boot.test.mock.mockito.ResetMocksTestExecutionListener, org.springframework.test.context.web.ServletTestExecutionListener, org.springframework.test.context.support.DirtiesContextBeforeModesTestExecutionListener, org.springframework.test.context.event.ApplicationEventsTestExecutionListener, org.springframework.test.context.support.DependencyInjectionTestExecutionListener, org.springframework.test.context.support.DirtiesContextTestExecutionListener, org.springframework.test.context.transaction.TransactionalTestExecutionListener, org.springframework.test.context.jdbc.SqlScriptsTestExecutionListener, org.springframework.test.context.event.EventPublishingTestExecutionListener]
2022-01-11 10:48:04.356  INFO 15200 --- [    Test worker] .b.t.a.w.s.WebMvcTestContextBootstrapper : Using TestExecutionListeners: [org.springframework.test.context.web.ServletTestExecutionListener@5aab5b31, org.springframework.test.context.support.DirtiesContextBeforeModesTestExecutionListener@5408d4b3, org.springframework.test.context.event.ApplicationEventsTestExecutionListener@eded048, org.springframework.boot.test.mock.mockito.MockitoTestExecutionListener@65a48cab, org.springframework.boot.test.autoconfigure.SpringBootDependencyInjectionTestExecutionListener@655621fd, org.springframework.test.context.support.DirtiesContextTestExecutionListener@77e9dca8, org.springframework.test.context.transaction.TransactionalTestExecutionListener@fcd0e8d, org.springframework.test.context.jdbc.SqlScriptsTestExecutionListener@4e4d0a0b, org.springframework.test.context.event.EventPublishingTestExecutionListener@1a4083f6, org.springframework.boot.test.autoconfigure.restdocs.RestDocsTestExecutionListener@23f5008a, org.springframework.boot.test.autoconfigure.web.client.MockRestServiceServerResetTestExecutionListener@44abdb1f, org.springframework.boot.test.autoconfigure.web.servlet.MockMvcPrintOnlyOnFailureTestExecutionListener@62108cd3, org.springframework.boot.test.autoconfigure.web.servlet.WebDriverTestExecutionListener@7cd1ec54, org.springframework.boot.test.autoconfigure.webservices.client.MockWebServiceServerTestExecutionListener@77ab5214, org.springframework.boot.test.mock.mockito.ResetMocksTestExecutionListener@6d420cdd]

  .   ____          _            __ _ _
 /\\ / ___'_ __ _ _(_)_ __  __ _ \ \ \ \
( ( )\___ | '_ | '_| | '_ \/ _` | \ \ \ \
 \\/  ___)| |_)| | | | | || (_| |  ) ) ) )
  '  |____| .__|_| |_|_| |_\__, | / / / /
 =========|_|==============|___/=/_/_/_/
 :: Spring Boot ::                (v2.5.6)

2022-01-11 10:48:04.389  INFO 15200 --- [    Test worker] c.c.f.t.e.a.c.OrderControllerTest        : Starting OrderControllerTest using Java 17.0.1 on LAPTOP-9DBF8LC6 with PID 15200 (started by kubar in C:\Users\kubar\IdeaProjects\BI-TJV\server)
2022-01-11 10:48:04.391  INFO 15200 --- [    Test worker] c.c.f.t.e.a.c.OrderControllerTest        : No active profile set, falling back to default profiles: default
2022-01-11 10:48:04.854  INFO 15200 --- [    Test worker] o.s.b.t.m.w.SpringBootMockServletContext : Initializing Spring TestDispatcherServlet ''
2022-01-11 10:48:04.854  INFO 15200 --- [    Test worker] o.s.t.web.servlet.TestDispatcherServlet  : Initializing Servlet ''
2022-01-11 10:48:04.854  INFO 15200 --- [    Test worker] o.s.t.web.servlet.TestDispatcherServlet  : Completed initialization in 0 ms
2022-01-11 10:48:04.868  INFO 15200 --- [    Test worker] c.c.f.t.e.a.c.OrderControllerTest        : Started OrderControllerTest in 0.503 seconds (JVM running for 5.483)
]]></system-out>
  <system-err><![CDATA[]]></system-err>
</testsuite>
