<?xml version="1.0" encoding="UTF-8"?>
<testsuite name="cz.cvut.fit.tvj.eshop.api.converter.CustomerConverterTest" tests="4" skipped="0" failures="0" errors="0" timestamp="2022-01-11T09:48:05" hostname="LAPTOP-9DBF8LC6" time="0.006">
  <properties/>
  <testcase name="toModels()" classname="cz.cvut.fit.tvj.eshop.api.converter.CustomerConverterTest" time="0.001"/>
  <testcase name="toModel()" classname="cz.cvut.fit.tvj.eshop.api.converter.CustomerConverterTest" time="0.002"/>
  <testcase name="fromModel()" classname="cz.cvut.fit.tvj.eshop.api.converter.CustomerConverterTest" time="0.001"/>
  <testcase name="fromModels()" classname="cz.cvut.fit.tvj.eshop.api.converter.CustomerConverterTest" time="0.001"/>
  <system-out><![CDATA[]]></system-out>
  <system-err><![CDATA[]]></system-err>
</testsuite>
