<?xml version="1.0" encoding="UTF-8"?>
<testsuite name="cz.cvut.fit.tvj.eshop.business.OrderServiceTest" tests="6" skipped="0" failures="0" errors="0" timestamp="2022-01-11T09:48:09" hostname="LAPTOP-9DBF8LC6" time="0.034">
  <properties/>
  <testcase name="create()" classname="cz.cvut.fit.tvj.eshop.business.OrderServiceTest" time="0.006"/>
  <testcase name="update()" classname="cz.cvut.fit.tvj.eshop.business.OrderServiceTest" time="0.005"/>
  <testcase name="existsIdNull()" classname="cz.cvut.fit.tvj.eshop.business.OrderServiceTest" time="0.004"/>
  <testcase name="readAllByCustomerId()" classname="cz.cvut.fit.tvj.eshop.business.OrderServiceTest" time="0.004"/>
  <testcase name="existsIdOk()" classname="cz.cvut.fit.tvj.eshop.business.OrderServiceTest" time="0.004"/>
  <testcase name="existsIdTaken()" classname="cz.cvut.fit.tvj.eshop.business.OrderServiceTest" time="0.004"/>
  <system-out><![CDATA[2022-01-11 10:48:08.512  INFO 15200 --- [    Test worker] .b.t.c.SpringBootTestContextBootstrapper : Neither @ContextConfiguration nor @ContextHierarchy found for test class [cz.cvut.fit.tvj.eshop.business.OrderServiceTest], using SpringBootContextLoader
2022-01-11 10:48:08.513  INFO 15200 --- [    Test worker] o.s.t.c.support.AbstractContextLoader    : Could not detect default resource locations for test class [cz.cvut.fit.tvj.eshop.business.OrderServiceTest]: no resource found for suffixes {-context.xml, Context.groovy}.
2022-01-11 10:48:08.514  INFO 15200 --- [    Test worker] t.c.s.AnnotationConfigContextLoaderUtils : Could not detect default configuration classes for test class [cz.cvut.fit.tvj.eshop.business.OrderServiceTest]: OrderServiceTest does not declare any static, non-private, non-final, nested classes annotated with @Configuration.
2022-01-11 10:48:08.515  INFO 15200 --- [    Test worker] .b.t.c.SpringBootTestContextBootstrapper : Found @SpringBootConfiguration cz.cvut.fit.tvj.eshop.EshopApplication for test class cz.cvut.fit.tvj.eshop.business.OrderServiceTest
2022-01-11 10:48:08.518  INFO 15200 --- [    Test worker] .b.t.c.SpringBootTestContextBootstrapper : Loaded default TestExecutionListener class names from location [META-INF/spring.factories]: [org.springframework.boot.test.autoconfigure.restdocs.RestDocsTestExecutionListener, org.springframework.boot.test.autoconfigure.web.client.MockRestServiceServerResetTestExecutionListener, org.springframework.boot.test.autoconfigure.web.servlet.MockMvcPrintOnlyOnFailureTestExecutionListener, org.springframework.boot.test.autoconfigure.web.servlet.WebDriverTestExecutionListener, org.springframework.boot.test.autoconfigure.webservices.client.MockWebServiceServerTestExecutionListener, org.springframework.boot.test.mock.mockito.MockitoTestExecutionListener, org.springframework.boot.test.mock.mockito.ResetMocksTestExecutionListener, org.springframework.test.context.web.ServletTestExecutionListener, org.springframework.test.context.support.DirtiesContextBeforeModesTestExecutionListener, org.springframework.test.context.event.ApplicationEventsTestExecutionListener, org.springframework.test.context.support.DependencyInjectionTestExecutionListener, org.springframework.test.context.support.DirtiesContextTestExecutionListener, org.springframework.test.context.transaction.TransactionalTestExecutionListener, org.springframework.test.context.jdbc.SqlScriptsTestExecutionListener, org.springframework.test.context.event.EventPublishingTestExecutionListener]
2022-01-11 10:48:08.519  INFO 15200 --- [    Test worker] .b.t.c.SpringBootTestContextBootstrapper : Using TestExecutionListeners: [org.springframework.test.context.web.ServletTestExecutionListener@56c7e2d1, org.springframework.test.context.support.DirtiesContextBeforeModesTestExecutionListener@2e549515, org.springframework.test.context.event.ApplicationEventsTestExecutionListener@2c34ce24, org.springframework.boot.test.mock.mockito.MockitoTestExecutionListener@58f8ce0f, org.springframework.boot.test.autoconfigure.SpringBootDependencyInjectionTestExecutionListener@31406eab, org.springframework.test.context.support.DirtiesContextTestExecutionListener@3bb6b9ab, org.springframework.test.context.transaction.TransactionalTestExecutionListener@31f90517, org.springframework.test.context.jdbc.SqlScriptsTestExecutionListener@2f6f2d91, org.springframework.test.context.event.EventPublishingTestExecutionListener@1de83be1, org.springframework.boot.test.autoconfigure.restdocs.RestDocsTestExecutionListener@139da216, org.springframework.boot.test.autoconfigure.web.client.MockRestServiceServerResetTestExecutionListener@6a35cccf, org.springframework.boot.test.autoconfigure.web.servlet.MockMvcPrintOnlyOnFailureTestExecutionListener@3ce067bd, org.springframework.boot.test.autoconfigure.web.servlet.WebDriverTestExecutionListener@608b74f3, org.springframework.boot.test.autoconfigure.webservices.client.MockWebServiceServerTestExecutionListener@1ef8f7e6, org.springframework.boot.test.mock.mockito.ResetMocksTestExecutionListener@5a6f1342]

  .   ____          _            __ _ _
 /\\ / ___'_ __ _ _(_)_ __  __ _ \ \ \ \
( ( )\___ | '_ | '_| | '_ \/ _` | \ \ \ \
 \\/  ___)| |_)| | | | | || (_| |  ) ) ) )
  '  |____| .__|_| |_|_| |_\__, | / / / /
 =========|_|==============|___/=/_/_/_/
 :: Spring Boot ::                (v2.5.6)

2022-01-11 10:48:08.542  INFO 15200 --- [    Test worker] c.c.f.t.eshop.business.OrderServiceTest  : Starting OrderServiceTest using Java 17.0.1 on LAPTOP-9DBF8LC6 with PID 15200 (started by kubar in C:\Users\kubar\IdeaProjects\BI-TJV\server)
2022-01-11 10:48:08.543  INFO 15200 --- [    Test worker] c.c.f.t.eshop.business.OrderServiceTest  : No active profile set, falling back to default profiles: default
2022-01-11 10:48:08.716  INFO 15200 --- [    Test worker] .s.d.r.c.RepositoryConfigurationDelegate : Bootstrapping Spring Data JPA repositories in DEFAULT mode.
2022-01-11 10:48:08.735  INFO 15200 --- [    Test worker] .s.d.r.c.RepositoryConfigurationDelegate : Finished Spring Data repository scanning in 18 ms. Found 3 JPA repository interfaces.
2022-01-11 10:48:08.870  INFO 15200 --- [    Test worker] com.zaxxer.hikari.HikariDataSource       : HikariPool-2 - Starting...
2022-01-11 10:48:08.888  INFO 15200 --- [    Test worker] com.zaxxer.hikari.pool.PoolBase          : HikariPool-2 - Driver does not support get/set network timeout for connections. (feature not supported)
2022-01-11 10:48:08.888  INFO 15200 --- [    Test worker] com.zaxxer.hikari.HikariDataSource       : HikariPool-2 - Start completed.
2022-01-11 10:48:08.904  INFO 15200 --- [    Test worker] o.hibernate.jpa.internal.util.LogHelper  : HHH000204: Processing PersistenceUnitInfo [name: default]
2022-01-11 10:48:08.912  INFO 15200 --- [    Test worker] org.hibernate.dialect.Dialect            : HHH000400: Using dialect: org.hibernate.dialect.HSQLDialect
2022-01-11 10:48:08.946  INFO 15200 --- [    Test worker] o.h.e.t.j.p.i.JtaPlatformInitiator       : HHH000490: Using JtaPlatform implementation: [org.hibernate.engine.transaction.jta.platform.internal.NoJtaPlatform]
2022-01-11 10:48:08.946  INFO 15200 --- [    Test worker] j.LocalContainerEntityManagerFactoryBean : Initialized JPA EntityManagerFactory for persistence unit 'default'
2022-01-11 10:48:09.102  WARN 15200 --- [    Test worker] JpaBaseConfiguration$JpaWebConfiguration : spring.jpa.open-in-view is enabled by default. Therefore, database queries may be performed during view rendering. Explicitly configure spring.jpa.open-in-view to disable this warning
2022-01-11 10:48:09.417  INFO 15200 --- [    Test worker] c.c.f.t.eshop.business.OrderServiceTest  : Started OrderServiceTest in 0.896 seconds (JVM running for 10.032)
]]></system-out>
  <system-err><![CDATA[]]></system-err>
</testsuite>
