<?xml version="1.0" encoding="UTF-8"?>
<testsuite name="cz.cvut.fit.tvj.eshop.business.CustomerServiceTest" tests="2" skipped="0" failures="0" errors="0" timestamp="2022-01-11T09:48:08" hostname="LAPTOP-9DBF8LC6" time="0.014">
  <properties/>
  <testcase name="exists()" classname="cz.cvut.fit.tvj.eshop.business.CustomerServiceTest" time="0.009"/>
  <testcase name="update()" classname="cz.cvut.fit.tvj.eshop.business.CustomerServiceTest" time="0.004"/>
  <system-out><![CDATA[2022-01-11 10:48:05.512  INFO 15200 --- [    Test worker] .b.t.c.SpringBootTestContextBootstrapper : Neither @ContextConfiguration nor @ContextHierarchy found for test class [cz.cvut.fit.tvj.eshop.business.CustomerServiceTest], using SpringBootContextLoader
2022-01-11 10:48:05.513  INFO 15200 --- [    Test worker] o.s.t.c.support.AbstractContextLoader    : Could not detect default resource locations for test class [cz.cvut.fit.tvj.eshop.business.CustomerServiceTest]: no resource found for suffixes {-context.xml, Context.groovy}.
2022-01-11 10:48:05.513  INFO 15200 --- [    Test worker] t.c.s.AnnotationConfigContextLoaderUtils : Could not detect default configuration classes for test class [cz.cvut.fit.tvj.eshop.business.CustomerServiceTest]: CustomerServiceTest does not declare any static, non-private, non-final, nested classes annotated with @Configuration.
2022-01-11 10:48:05.521  INFO 15200 --- [    Test worker] .b.t.c.SpringBootTestContextBootstrapper : Found @SpringBootConfiguration cz.cvut.fit.tvj.eshop.EshopApplication for test class cz.cvut.fit.tvj.eshop.business.CustomerServiceTest
2022-01-11 10:48:05.525  INFO 15200 --- [    Test worker] .b.t.c.SpringBootTestContextBootstrapper : Loaded default TestExecutionListener class names from location [META-INF/spring.factories]: [org.springframework.boot.test.autoconfigure.restdocs.RestDocsTestExecutionListener, org.springframework.boot.test.autoconfigure.web.client.MockRestServiceServerResetTestExecutionListener, org.springframework.boot.test.autoconfigure.web.servlet.MockMvcPrintOnlyOnFailureTestExecutionListener, org.springframework.boot.test.autoconfigure.web.servlet.WebDriverTestExecutionListener, org.springframework.boot.test.autoconfigure.webservices.client.MockWebServiceServerTestExecutionListener, org.springframework.boot.test.mock.mockito.MockitoTestExecutionListener, org.springframework.boot.test.mock.mockito.ResetMocksTestExecutionListener, org.springframework.test.context.web.ServletTestExecutionListener, org.springframework.test.context.support.DirtiesContextBeforeModesTestExecutionListener, org.springframework.test.context.event.ApplicationEventsTestExecutionListener, org.springframework.test.context.support.DependencyInjectionTestExecutionListener, org.springframework.test.context.support.DirtiesContextTestExecutionListener, org.springframework.test.context.transaction.TransactionalTestExecutionListener, org.springframework.test.context.jdbc.SqlScriptsTestExecutionListener, org.springframework.test.context.event.EventPublishingTestExecutionListener]
2022-01-11 10:48:05.526  INFO 15200 --- [    Test worker] .b.t.c.SpringBootTestContextBootstrapper : Using TestExecutionListeners: [org.springframework.test.context.web.ServletTestExecutionListener@41059616, org.springframework.test.context.support.DirtiesContextBeforeModesTestExecutionListener@2e93108a, org.springframework.test.context.event.ApplicationEventsTestExecutionListener@34e25492, org.springframework.boot.test.mock.mockito.MockitoTestExecutionListener@32f308c6, org.springframework.boot.test.autoconfigure.SpringBootDependencyInjectionTestExecutionListener@5f2b9da8, org.springframework.test.context.support.DirtiesContextTestExecutionListener@698ac187, org.springframework.test.context.transaction.TransactionalTestExecutionListener@4fea5ee0, org.springframework.test.context.jdbc.SqlScriptsTestExecutionListener@65f5cae3, org.springframework.test.context.event.EventPublishingTestExecutionListener@6630dd28, org.springframework.boot.test.autoconfigure.restdocs.RestDocsTestExecutionListener@5909ae90, org.springframework.boot.test.autoconfigure.web.client.MockRestServiceServerResetTestExecutionListener@4489f60f, org.springframework.boot.test.autoconfigure.web.servlet.MockMvcPrintOnlyOnFailureTestExecutionListener@fe08eaf, org.springframework.boot.test.autoconfigure.web.servlet.WebDriverTestExecutionListener@6fd9dbe6, org.springframework.boot.test.autoconfigure.webservices.client.MockWebServiceServerTestExecutionListener@7b3085a3, org.springframework.boot.test.mock.mockito.ResetMocksTestExecutionListener@70022d44]

  .   ____          _            __ _ _
 /\\ / ___'_ __ _ _(_)_ __  __ _ \ \ \ \
( ( )\___ | '_ | '_| | '_ \/ _` | \ \ \ \
 \\/  ___)| |_)| | | | | || (_| |  ) ) ) )
  '  |____| .__|_| |_|_| |_\__, | / / / /
 =========|_|==============|___/=/_/_/_/
 :: Spring Boot ::                (v2.5.6)

2022-01-11 10:48:05.558  INFO 15200 --- [    Test worker] c.c.f.t.e.business.CustomerServiceTest   : Starting CustomerServiceTest using Java 17.0.1 on LAPTOP-9DBF8LC6 with PID 15200 (started by kubar in C:\Users\kubar\IdeaProjects\BI-TJV\server)
2022-01-11 10:48:05.559  INFO 15200 --- [    Test worker] c.c.f.t.e.business.CustomerServiceTest   : No active profile set, falling back to default profiles: default
2022-01-11 10:48:05.881  INFO 15200 --- [    Test worker] .s.d.r.c.RepositoryConfigurationDelegate : Bootstrapping Spring Data JPA repositories in DEFAULT mode.
2022-01-11 10:48:05.954  INFO 15200 --- [    Test worker] .s.d.r.c.RepositoryConfigurationDelegate : Finished Spring Data repository scanning in 63 ms. Found 3 JPA repository interfaces.
2022-01-11 10:48:06.339  INFO 15200 --- [    Test worker] com.zaxxer.hikari.HikariDataSource       : HikariPool-1 - Starting...
2022-01-11 10:48:06.575  INFO 15200 --- [    Test worker] com.zaxxer.hikari.pool.PoolBase          : HikariPool-1 - Driver does not support get/set network timeout for connections. (feature not supported)
2022-01-11 10:48:06.578  INFO 15200 --- [    Test worker] com.zaxxer.hikari.HikariDataSource       : HikariPool-1 - Start completed.
2022-01-11 10:48:06.657  INFO 15200 --- [    Test worker] o.hibernate.jpa.internal.util.LogHelper  : HHH000204: Processing PersistenceUnitInfo [name: default]
2022-01-11 10:48:06.731  INFO 15200 --- [    Test worker] org.hibernate.Version                    : HHH000412: Hibernate ORM core version 5.4.32.Final
2022-01-11 10:48:06.803  INFO 15200 --- [    Test worker] o.hibernate.annotations.common.Version   : HCANN000001: Hibernate Commons Annotations {5.1.2.Final}
2022-01-11 10:48:06.986  INFO 15200 --- [    Test worker] org.hibernate.dialect.Dialect            : HHH000400: Using dialect: org.hibernate.dialect.HSQLDialect
2022-01-11 10:48:07.517  INFO 15200 --- [    Test worker] o.h.e.t.j.p.i.JtaPlatformInitiator       : HHH000490: Using JtaPlatform implementation: [org.hibernate.engine.transaction.jta.platform.internal.NoJtaPlatform]
2022-01-11 10:48:07.527  INFO 15200 --- [    Test worker] j.LocalContainerEntityManagerFactoryBean : Initialized JPA EntityManagerFactory for persistence unit 'default'
2022-01-11 10:48:08.114  WARN 15200 --- [    Test worker] JpaBaseConfiguration$JpaWebConfiguration : spring.jpa.open-in-view is enabled by default. Therefore, database queries may be performed during view rendering. Explicitly configure spring.jpa.open-in-view to disable this warning
2022-01-11 10:48:08.491  INFO 15200 --- [    Test worker] c.c.f.t.e.business.CustomerServiceTest   : Started CustomerServiceTest in 2.962 seconds (JVM running for 9.106)
]]></system-out>
  <system-err><![CDATA[]]></system-err>
</testsuite>
