<?xml version="1.0" encoding="UTF-8"?>
<testsuite name="cz.cvut.fit.tvj.eshop.business.ProductServiceTest" tests="3" skipped="0" failures="0" errors="0" timestamp="2022-01-11T09:48:10" hostname="LAPTOP-9DBF8LC6" time="0.013">
  <properties/>
  <testcase name="existsIdNull()" classname="cz.cvut.fit.tvj.eshop.business.ProductServiceTest" time="0.003"/>
  <testcase name="existsIdOk()" classname="cz.cvut.fit.tvj.eshop.business.ProductServiceTest" time="0.003"/>
  <testcase name="existsIdTaken()" classname="cz.cvut.fit.tvj.eshop.business.ProductServiceTest" time="0.005"/>
  <system-out><![CDATA[2022-01-11 10:48:09.456  INFO 15200 --- [    Test worker] .b.t.c.SpringBootTestContextBootstrapper : Neither @ContextConfiguration nor @ContextHierarchy found for test class [cz.cvut.fit.tvj.eshop.business.ProductServiceTest], using SpringBootContextLoader
2022-01-11 10:48:09.457  INFO 15200 --- [    Test worker] o.s.t.c.support.AbstractContextLoader    : Could not detect default resource locations for test class [cz.cvut.fit.tvj.eshop.business.ProductServiceTest]: no resource found for suffixes {-context.xml, Context.groovy}.
2022-01-11 10:48:09.457  INFO 15200 --- [    Test worker] t.c.s.AnnotationConfigContextLoaderUtils : Could not detect default configuration classes for test class [cz.cvut.fit.tvj.eshop.business.ProductServiceTest]: ProductServiceTest does not declare any static, non-private, non-final, nested classes annotated with @Configuration.
2022-01-11 10:48:09.458  INFO 15200 --- [    Test worker] .b.t.c.SpringBootTestContextBootstrapper : Found @SpringBootConfiguration cz.cvut.fit.tvj.eshop.EshopApplication for test class cz.cvut.fit.tvj.eshop.business.ProductServiceTest
2022-01-11 10:48:09.460  INFO 15200 --- [    Test worker] .b.t.c.SpringBootTestContextBootstrapper : Loaded default TestExecutionListener class names from location [META-INF/spring.factories]: [org.springframework.boot.test.autoconfigure.restdocs.RestDocsTestExecutionListener, org.springframework.boot.test.autoconfigure.web.client.MockRestServiceServerResetTestExecutionListener, org.springframework.boot.test.autoconfigure.web.servlet.MockMvcPrintOnlyOnFailureTestExecutionListener, org.springframework.boot.test.autoconfigure.web.servlet.WebDriverTestExecutionListener, org.springframework.boot.test.autoconfigure.webservices.client.MockWebServiceServerTestExecutionListener, org.springframework.boot.test.mock.mockito.MockitoTestExecutionListener, org.springframework.boot.test.mock.mockito.ResetMocksTestExecutionListener, org.springframework.test.context.web.ServletTestExecutionListener, org.springframework.test.context.support.DirtiesContextBeforeModesTestExecutionListener, org.springframework.test.context.event.ApplicationEventsTestExecutionListener, org.springframework.test.context.support.DependencyInjectionTestExecutionListener, org.springframework.test.context.support.DirtiesContextTestExecutionListener, org.springframework.test.context.transaction.TransactionalTestExecutionListener, org.springframework.test.context.jdbc.SqlScriptsTestExecutionListener, org.springframework.test.context.event.EventPublishingTestExecutionListener]
2022-01-11 10:48:09.461  INFO 15200 --- [    Test worker] .b.t.c.SpringBootTestContextBootstrapper : Using TestExecutionListeners: [org.springframework.test.context.web.ServletTestExecutionListener@6f5df147, org.springframework.test.context.support.DirtiesContextBeforeModesTestExecutionListener@7725470b, org.springframework.test.context.event.ApplicationEventsTestExecutionListener@8947a4b, org.springframework.boot.test.mock.mockito.MockitoTestExecutionListener@318155b1, org.springframework.boot.test.autoconfigure.SpringBootDependencyInjectionTestExecutionListener@31d64d0f, org.springframework.test.context.support.DirtiesContextTestExecutionListener@6c165921, org.springframework.test.context.transaction.TransactionalTestExecutionListener@47fb30ca, org.springframework.test.context.jdbc.SqlScriptsTestExecutionListener@7cecd959, org.springframework.test.context.event.EventPublishingTestExecutionListener@7f514dfe, org.springframework.boot.test.autoconfigure.restdocs.RestDocsTestExecutionListener@2150dc64, org.springframework.boot.test.autoconfigure.web.client.MockRestServiceServerResetTestExecutionListener@3f33c5e4, org.springframework.boot.test.autoconfigure.web.servlet.MockMvcPrintOnlyOnFailureTestExecutionListener@258ff54a, org.springframework.boot.test.autoconfigure.web.servlet.WebDriverTestExecutionListener@50c462b8, org.springframework.boot.test.autoconfigure.webservices.client.MockWebServiceServerTestExecutionListener@77d03738, org.springframework.boot.test.mock.mockito.ResetMocksTestExecutionListener@566dc0c3]

  .   ____          _            __ _ _
 /\\ / ___'_ __ _ _(_)_ __  __ _ \ \ \ \
( ( )\___ | '_ | '_| | '_ \/ _` | \ \ \ \
 \\/  ___)| |_)| | | | | || (_| |  ) ) ) )
  '  |____| .__|_| |_|_| |_\__, | / / / /
 =========|_|==============|___/=/_/_/_/
 :: Spring Boot ::                (v2.5.6)

2022-01-11 10:48:09.487  INFO 15200 --- [    Test worker] c.c.f.t.e.business.ProductServiceTest    : Starting ProductServiceTest using Java 17.0.1 on LAPTOP-9DBF8LC6 with PID 15200 (started by kubar in C:\Users\kubar\IdeaProjects\BI-TJV\server)
2022-01-11 10:48:09.487  INFO 15200 --- [    Test worker] c.c.f.t.e.business.ProductServiceTest    : No active profile set, falling back to default profiles: default
2022-01-11 10:48:09.640  INFO 15200 --- [    Test worker] .s.d.r.c.RepositoryConfigurationDelegate : Bootstrapping Spring Data JPA repositories in DEFAULT mode.
2022-01-11 10:48:09.661  INFO 15200 --- [    Test worker] .s.d.r.c.RepositoryConfigurationDelegate : Finished Spring Data repository scanning in 20 ms. Found 3 JPA repository interfaces.
2022-01-11 10:48:09.786  INFO 15200 --- [    Test worker] com.zaxxer.hikari.HikariDataSource       : HikariPool-3 - Starting...
2022-01-11 10:48:09.801  INFO 15200 --- [    Test worker] com.zaxxer.hikari.pool.PoolBase          : HikariPool-3 - Driver does not support get/set network timeout for connections. (feature not supported)
2022-01-11 10:48:09.802  INFO 15200 --- [    Test worker] com.zaxxer.hikari.HikariDataSource       : HikariPool-3 - Start completed.
2022-01-11 10:48:09.819  INFO 15200 --- [    Test worker] o.hibernate.jpa.internal.util.LogHelper  : HHH000204: Processing PersistenceUnitInfo [name: default]
2022-01-11 10:48:09.827  INFO 15200 --- [    Test worker] org.hibernate.dialect.Dialect            : HHH000400: Using dialect: org.hibernate.dialect.HSQLDialect
2022-01-11 10:48:09.863  INFO 15200 --- [    Test worker] o.h.e.t.j.p.i.JtaPlatformInitiator       : HHH000490: Using JtaPlatform implementation: [org.hibernate.engine.transaction.jta.platform.internal.NoJtaPlatform]
2022-01-11 10:48:09.863  INFO 15200 --- [    Test worker] j.LocalContainerEntityManagerFactoryBean : Initialized JPA EntityManagerFactory for persistence unit 'default'
2022-01-11 10:48:10.034  WARN 15200 --- [    Test worker] JpaBaseConfiguration$JpaWebConfiguration : spring.jpa.open-in-view is enabled by default. Therefore, database queries may be performed during view rendering. Explicitly configure spring.jpa.open-in-view to disable this warning
2022-01-11 10:48:10.330  INFO 15200 --- [    Test worker] c.c.f.t.e.business.ProductServiceTest    : Started ProductServiceTest in 0.867 seconds (JVM running for 10.945)
]]></system-out>
  <system-err><![CDATA[]]></system-err>
</testsuite>
